#-----------------------------------------------------------
# Vivado v2018.3 (64-bit)
# SW Build 2405991 on Thu Dec  6 23:38:27 MST 2018
# IP Build 2404404 on Fri Dec  7 01:43:56 MST 2018
# Start of session at: Fri Jul 24 20:12:06 2020
# Process ID: 12184
# Current directory: E:/Xilinx/projects/Chapter17/Color_Track_Demo/Color_Track_Demo
# Command line: vivado.exe -gui_launcher_event rodinguilauncherevent7876 E:\Xilinx\projects\Chapter17\Color_Track_Demo\Color_Track_Demo\Color_Track_Demo.xpr
# Log file: E:/Xilinx/projects/Chapter17/Color_Track_Demo/Color_Track_Demo/vivado.log
# Journal file: E:/Xilinx/projects/Chapter17/Color_Track_Demo/Color_Track_Demo\vivado.jou
#-----------------------------------------------------------
start_gui
open_project E:/Xilinx/projects/Chapter17/Color_Track_Demo/Color_Track_Demo/Color_Track_Demo.xpr
INFO: [Project 1-313] Project file moved from 'C:/Users/ThinkPad/Desktop/FPGA_Demo_Project/Image_Demo/Color_Track_Demo' since last save.
Scanning sources...
Finished scanning sources
INFO: [IP_Flow 19-234] Refreshing IP repositories
INFO: [IP_Flow 19-1700] Loaded user IP repository 'e:/Xilinx/projects/Chapter17/Color_Track_Demo/Color_Track_Demo/IP_Core'.
INFO: [IP_Flow 19-2313] Loaded Vivado IP repository 'E:/Xilinx/Vivado/2018.3/data/ip'.
WARNING: [IP_Flow 19-2162] IP 'Word_Rom' is locked:
* IP definition 'Block Memory Generator (8.4)' for IP 'Word_Rom' (customized with software release 2018.2) has a different revision in the IP Catalog.
Please select 'Report IP Status' from the 'Tools/Report' menu or run Tcl command 'report_ip_status' for more information.
WARNING: [IP_Flow 19-2162] IP 'clk_wiz_0' is locked:
* IP definition 'Clocking Wizard (6.0)' for IP 'clk_wiz_0' (customized with software release 2018.2) has a different revision in the IP Catalog.
Please select 'Report IP Status' from the 'Tools/Report' menu or run Tcl command 'report_ip_status' for more information.
WARNING: [IP_Flow 19-2162] IP 'clk_wiz_1' is locked:
* IP definition 'Clocking Wizard (6.0)' for IP 'clk_wiz_1' (customized with software release 2018.2) has a different revision in the IP Catalog.
Please select 'Report IP Status' from the 'Tools/Report' menu or run Tcl command 'report_ip_status' for more information.
WARNING: [IP_Flow 19-2162] IP 'AXIS_Data_RAM' is locked:
* IP definition 'Block Memory Generator (8.4)' for IP 'AXIS_Data_RAM' (customized with software release 2018.2) has a different revision in the IP Catalog.
Please select 'Report IP Status' from the 'Tools/Report' menu or run Tcl command 'report_ip_status' for more information.
WARNING: [IP_Flow 19-2162] IP 'RAM_Line' is locked:
* IP definition 'Block Memory Generator (8.4)' for IP 'RAM_Line' (customized with software release 2018.2) has a different revision in the IP Catalog.
Please select 'Report IP Status' from the 'Tools/Report' menu or run Tcl command 'report_ip_status' for more information.
INFO: [Project 1-230] Project 'Color_Track_Demo.xpr' upgraded for this version of Vivado.
open_project: Time (s): cpu = 00:00:12 ; elapsed = 00:00:05 . Memory (MB): peak = 720.254 ; gain = 103.348
update_compile_order -fileset sources_1
report_ip_status -name ip_status 
exit
INFO: [Common 17-206] Exiting Vivado at Fri Jul 24 20:32:29 2020...
