#-----------------------------------------------------------
# Vivado v2018.3 (64-bit)
# SW Build 2405991 on Thu Dec  6 23:38:27 MST 2018
# IP Build 2404404 on Fri Dec  7 01:43:56 MST 2018
# Start of session at: Sat Aug  1 07:33:09 2020
# Process ID: 29548
# Current directory: E:/Xilinx/projects/Chapter17/Color_Track_Demo/Color_Track_Demo
# Command line: vivado.exe -gui_launcher_event rodinguilauncherevent21796 E:\Xilinx\projects\Chapter17\Color_Track_Demo\Color_Track_Demo\Color_Track_Demo.xpr
# Log file: E:/Xilinx/projects/Chapter17/Color_Track_Demo/Color_Track_Demo/vivado.log
# Journal file: E:/Xilinx/projects/Chapter17/Color_Track_Demo/Color_Track_Demo\vivado.jou
#-----------------------------------------------------------
start_gui
open_project E:/Xilinx/projects/Chapter17/Color_Track_Demo/Color_Track_Demo/Color_Track_Demo.xpr
Scanning sources...
Finished scanning sources
INFO: [IP_Flow 19-234] Refreshing IP repositories
INFO: [IP_Flow 19-1700] Loaded user IP repository 'e:/Xilinx/projects/Chapter17/Color_Track_Demo/Color_Track_Demo/IP_Core'.
INFO: [IP_Flow 19-2313] Loaded Vivado IP repository 'E:/Xilinx/Vivado/2018.3/data/ip'.
open_project: Time (s): cpu = 00:00:17 ; elapsed = 00:00:09 . Memory (MB): peak = 708.305 ; gain = 72.844
update_compile_order -fileset sources_1
exit
INFO: [Common 17-206] Exiting Vivado at Sat Aug  1 07:33:55 2020...
